<?xml version="1.0" encoding="UTF-8"?>
<testsuites name="Comprobación de calculo correcto del coste de envío de producto" time="73.131" tests="5" failures="0" errors="0">
   <testsuite name="Comprobación de calculo correcto del coste de envío de producto" tests="5" failures="0" errors="0" time="73.131" skipped="0" timestamp="2023-07-06 00:41:12" hostname="aleja - 192.168.1.13" id="Test Suites/Funcionalidades basicas/Comprobación de calculo correcto del coste de envío de producto">
      <properties>
         <property name="deviceName" value=""/>
         <property name="devicePlatform" value=""/>
         <property name="logFolder" value="C:\\Users\\aleja\\git\\backup\\AutomatizacionTiendaVirtual_PFP\\Reports\\20230706_004106\\Funcionalidades basicas\\Comprobaci\u00F3n de calculo correcto del coste de env\u00EDo de producto\\20230706_004106"/>
         <property name="logFiles" value="C:\\Users\\aleja\\git\\backup\\AutomatizacionTiendaVirtual_PFP\\Reports\\20230706_004106\\Funcionalidades basicas\\Comprobaci\u00F3n de calculo correcto del coste de env\u00EDo de producto\\20230706_004106\\execution0.log"/>
         <property name="attachments" value=""/>
         <property name="hostName" value="aleja - 192.168.1.13"/>
         <property name="os" value="Windows 11 64bit"/>
         <property name="katalonVersion" value="8.6.5.208"/>
         <property name="browser" value="Chrome 114.0.0.0"/>
         <property name="hostAddress" value="192.168.1.13"/>
         <property name="sessionId" value="51fcb150d48eb1dc07034cd03308c111"/>
         <property name="seleniumVersion" value="3.141.59"/>
         <property name="proxyInformation" value="ProxyInformation { proxyOption=NO_PROXY, proxyServerType=HTTP, username=, password=********, proxyServerAddress=, proxyServerPort=0, executionList=&quot;&quot;, isApplyToDesiredCapabilities=true }"/>
         <property name="platform" value="Windows 11"/>
      </properties>
      <testcase name="Test Cases/ScriptsComunes/AccesoATienda" time="12.505" classname="Test Cases/ScriptsComunes/AccesoATienda" status="PASSED">
         <system-out><![CDATA[2023-07-06 00:41:12 - [TEST_CASE][PASSED] - Test Cases/ScriptsComunes/AccesoATienda: Test Cases/ScriptsComunes/AccesoATienda

2023-07-06 00:41:13 - [TEST_STEP][PASSED] - openBrowser(""): Browser is opened with url: ''

2023-07-06 00:41:13 - [MESSAGE][INFO] - Starting 'Chrome' driver

2023-07-06 00:41:13 - [MESSAGE][INFO] - User set preference: ['acceptInsecureCert', 'true']

2023-07-06 00:41:13 - [MESSAGE][INFO] - Action delay is set to 0 milliseconds

2023-07-06 00:41:16 - [MESSAGE][PASSED] - Browser is opened with url: ''

2023-07-06 00:41:16 - [TEST_STEP][PASSED] - navigateToUrl("https://pruebasqafenix.com/"): Navigate to 'https://pruebasqafenix.com/' successfully

2023-07-06 00:41:18 - [MESSAGE][PASSED] - Navigate to 'https://pruebasqafenix.com/' successfully

2023-07-06 00:41:18 - [TEST_STEP][PASSED] - maximizeWindow(): Current window maximized

2023-07-06 00:41:18 - [MESSAGE][PASSED] - Current window maximized

2023-07-06 00:41:18 - [TEST_STEP][PASSED] - waitForPageLoad(30): Wait for page load successfully

2023-07-06 00:41:19 - [MESSAGE][PASSED] - Wait for page load successfully

2023-07-06 00:41:19 - [TEST_STEP][PASSED] - click(findTestObject("Object Repository/Compra de un grupo de productos con descuentos con cliente registrado/Page_Inicio -/AceptarCookies")): Object: 'Object Repository/Compra de un grupo de productos con descuentos con cliente registrado/Page_Inicio -/AceptarCookies' is clicked on

2023-07-06 00:41:23 - [MESSAGE][PASSED] - Object: 'Object Repository/Compra de un grupo de productos con descuentos con cliente registrado/Page_Inicio -/AceptarCookies' is clicked on

2023-07-06 00:41:25 - [TEST_STEP][PASSED] - Video: Video recording for test case 'Test Cases/ScriptsComunes/AccesoATienda' .

2023-07-06 00:41:25 - [MESSAGE][INFO] - Video recording for test case 'Test Cases/ScriptsComunes/AccesoATienda' .]]></system-out>
         <system-err><![CDATA[]]></system-err>
      </testcase>
      <testcase name="Test Cases/ScriptsComunes/SeleccionaProducto2" time="34.729" classname="Test Cases/ScriptsComunes/SeleccionaProducto2" status="PASSED">
         <system-out><![CDATA[2023-07-06 00:41:25 - [TEST_CASE][PASSED] - Test Cases/ScriptsComunes/SeleccionaProducto2: Test Cases/ScriptsComunes/SeleccionaProducto2

2023-07-06 00:41:25 - [TEST_STEP][PASSED] - click(findTestObject("Object Repository/Comprobación de calculo correcto del coste de envío de producto/Page_Inicio -/a_TiendaNEW")): Object: 'Object Repository/Comprobación de calculo correcto del coste de envío de producto/Page_Inicio -/a_TiendaNEW' is clicked on

2023-07-06 00:41:49 - [MESSAGE][PASSED] - Object: 'Object Repository/Comprobación de calculo correcto del coste de envío de producto/Page_Inicio -/a_TiendaNEW' is clicked on

2023-07-06 00:41:49 - [TEST_STEP][PASSED] - click(findTestObject("Object Repository/Comprobación de calculo correcto del coste de envío de producto/Page_Tienda -/h2_Camiseta para mujer")): Object: 'Object Repository/Comprobación de calculo correcto del coste de envío de producto/Page_Tienda -/h2_Camiseta para mujer' is clicked on

2023-07-06 00:41:51 - [MESSAGE][PASSED] - Object: 'Object Repository/Comprobación de calculo correcto del coste de envío de producto/Page_Tienda -/h2_Camiseta para mujer' is clicked on

2023-07-06 00:41:51 - [TEST_STEP][PASSED] - click(findTestObject("Object Repository/Comprobación de calculo correcto del coste de envío de producto/Page_Camiseta para mujer -/button_Aadir al carrito")): Object: 'Object Repository/Comprobación de calculo correcto del coste de envío de producto/Page_Camiseta para mujer -/button_Aadir al carrito' is clicked on

2023-07-06 00:41:55 - [MESSAGE][PASSED] - Object: 'Object Repository/Comprobación de calculo correcto del coste de envío de producto/Page_Camiseta para mujer -/button_Aadir al carrito' is clicked on

2023-07-06 00:41:55 - [TEST_STEP][PASSED] - verifyElementVisible(findTestObject("Object Repository/Comprobación de calculo correcto del coste de envío de producto/Page_Camiseta para mujer -/div_Ver carrito Camiseta para mujer se ha a_30c79a")): Object 'Object Repository/Comprobación de calculo correcto del coste de envío de producto/Page_Camiseta para mujer -/div_Ver carrito Camiseta para mujer se ha a_30c79a' is visible

2023-07-06 00:41:56 - [MESSAGE][PASSED] - Object 'Object Repository/Comprobación de calculo correcto del coste de envío de producto/Page_Camiseta para mujer -/div_Ver carrito Camiseta para mujer se ha a_30c79a' is visible

2023-07-06 00:41:56 - [TEST_STEP][PASSED] - click(findTestObject("Object Repository/Comprobación de calculo correcto del coste de envío de producto/Page_Camiseta para mujer -/a_Ver carrito")): Object: 'Object Repository/Comprobación de calculo correcto del coste de envío de producto/Page_Camiseta para mujer -/a_Ver carrito' is clicked on

2023-07-06 00:41:57 - [MESSAGE][PASSED] - Object: 'Object Repository/Comprobación de calculo correcto del coste de envío de producto/Page_Camiseta para mujer -/a_Ver carrito' is clicked on

2023-07-06 00:41:59 - [TEST_STEP][PASSED] - Video: Video recording for test case 'Test Cases/ScriptsComunes/SeleccionaProducto2' .

2023-07-06 00:41:59 - [MESSAGE][INFO] - Video recording for test case 'Test Cases/ScriptsComunes/SeleccionaProducto2' .]]></system-out>
         <system-err><![CDATA[]]></system-err>
      </testcase>
      <testcase name="Test Cases/ScriptsComunes/ComprobarCarritoProducto" time="7.453" classname="Test Cases/ScriptsComunes/ComprobarCarritoProducto" status="PASSED">
         <system-out><![CDATA[2023-07-06 00:41:59 - [TEST_CASE][PASSED] - Test Cases/ScriptsComunes/ComprobarCarritoProducto: Test Cases/ScriptsComunes/ComprobarCarritoProducto

2023-07-06 00:42:00 - [TEST_STEP][PASSED] - verifyElementVisible(findTestObject("Object Repository/Comprobación de calculo correcto del coste de envío de producto/Page_Carrito -/th_Producto")): Object 'Object Repository/Comprobación de calculo correcto del coste de envío de producto/Page_Carrito -/th_Producto' is visible

2023-07-06 00:42:00 - [MESSAGE][PASSED] - Object 'Object Repository/Comprobación de calculo correcto del coste de envío de producto/Page_Carrito -/th_Producto' is visible

2023-07-06 00:42:00 - [TEST_STEP][PASSED] - verifyElementText(findTestObject("Object Repository/Comprobación de calculo correcto del coste de envío de producto/Page_Carrito -/th_Producto"), "Producto"): Actual text and expected text of test object 'Object Repository/Comprobación de calculo correcto del coste de envío de producto/Page_Carrito -/th_Producto' are matched.

2023-07-06 00:42:00 - [MESSAGE][PASSED] - Actual text and expected text of test object 'Object Repository/Comprobación de calculo correcto del coste de envío de producto/Page_Carrito -/th_Producto' are matched.

2023-07-06 00:42:00 - [TEST_STEP][PASSED] - verifyElementText(findTestObject("Object Repository/Comprobación de calculo correcto del coste de envío de producto/Page_Carrito -/th_Precio"), "Precio"): Actual text and expected text of test object 'Object Repository/Comprobación de calculo correcto del coste de envío de producto/Page_Carrito -/th_Precio' are matched.

2023-07-06 00:42:01 - [MESSAGE][PASSED] - Actual text and expected text of test object 'Object Repository/Comprobación de calculo correcto del coste de envío de producto/Page_Carrito -/th_Precio' are matched.

2023-07-06 00:42:01 - [TEST_STEP][PASSED] - verifyElementText(findTestObject("Object Repository/Comprobación de calculo correcto del coste de envío de producto/Page_Carrito -/th_Cantidad"), "Cantidad"): Actual text and expected text of test object 'Object Repository/Comprobación de calculo correcto del coste de envío de producto/Page_Carrito -/th_Cantidad' are matched.

2023-07-06 00:42:01 - [MESSAGE][PASSED] - Actual text and expected text of test object 'Object Repository/Comprobación de calculo correcto del coste de envío de producto/Page_Carrito -/th_Cantidad' are matched.

2023-07-06 00:42:01 - [TEST_STEP][PASSED] - verifyElementText(findTestObject("Object Repository/Comprobación de calculo correcto del coste de envío de producto/Page_Carrito -/th_Subtotal"), "Subtotal"): Actual text and expected text of test object 'Object Repository/Comprobación de calculo correcto del coste de envío de producto/Page_Carrito -/th_Subtotal' are matched.

2023-07-06 00:42:02 - [MESSAGE][PASSED] - Actual text and expected text of test object 'Object Repository/Comprobación de calculo correcto del coste de envío de producto/Page_Carrito -/th_Subtotal' are matched.

2023-07-06 00:42:02 - [TEST_STEP][PASSED] - verifyElementVisible(findTestObject("Object Repository/Comprobación de calculo correcto del coste de envío de producto/Page_Carrito -/td_")): Object 'Object Repository/Comprobación de calculo correcto del coste de envío de producto/Page_Carrito -/td_' is visible

2023-07-06 00:42:02 - [MESSAGE][PASSED] - Object 'Object Repository/Comprobación de calculo correcto del coste de envío de producto/Page_Carrito -/td_' is visible

2023-07-06 00:42:02 - [TEST_STEP][PASSED] - verifyElementText(findTestObject("Object Repository/Comprobación de calculo correcto del coste de envío de producto/Page_Carrito -/td_Camiseta para mujer"), "Camiseta para mujer"): Actual text and expected text of test object 'Object Repository/Comprobación de calculo correcto del coste de envío de producto/Page_Carrito -/td_Camiseta para mujer' are matched.

2023-07-06 00:42:02 - [MESSAGE][PASSED] - Actual text and expected text of test object 'Object Repository/Comprobación de calculo correcto del coste de envío de producto/Page_Carrito -/td_Camiseta para mujer' are matched.

2023-07-06 00:42:02 - [TEST_STEP][PASSED] - verifyElementText(findTestObject("Object Repository/Comprobación de calculo correcto del coste de envío de producto/Page_Carrito -/PrecioProducto"), "18,90 €"): Actual text and expected text of test object 'Object Repository/Comprobación de calculo correcto del coste de envío de producto/Page_Carrito -/PrecioProducto' are matched.

2023-07-06 00:42:03 - [MESSAGE][PASSED] - Actual text and expected text of test object 'Object Repository/Comprobación de calculo correcto del coste de envío de producto/Page_Carrito -/PrecioProducto' are matched.

2023-07-06 00:42:03 - [TEST_STEP][PASSED] - verifyElementText(findTestObject("Object Repository/Comprobación de calculo correcto del coste de envío de producto/Page_Carrito -/input_Camiseta para mujer cantidad_cartf0e5_48d88e"), "Camiseta para mujer"): Actual text and expected text of test object 'Object Repository/Comprobación de calculo correcto del coste de envío de producto/Page_Carrito -/input_Camiseta para mujer cantidad_cartf0e5_48d88e' are matched.

2023-07-06 00:42:03 - [MESSAGE][PASSED] - Actual text and expected text of test object 'Object Repository/Comprobación de calculo correcto del coste de envío de producto/Page_Carrito -/input_Camiseta para mujer cantidad_cartf0e5_48d88e' are matched.

2023-07-06 00:42:03 - [TEST_STEP][PASSED] - verifyElementText(findTestObject("Object Repository/Comprobación de calculo correcto del coste de envío de producto/Page_Carrito -/PrecioProducto"), "18,90 €"): Actual text and expected text of test object 'Object Repository/Comprobación de calculo correcto del coste de envío de producto/Page_Carrito -/PrecioProducto' are matched.

2023-07-06 00:42:04 - [MESSAGE][PASSED] - Actual text and expected text of test object 'Object Repository/Comprobación de calculo correcto del coste de envío de producto/Page_Carrito -/PrecioProducto' are matched.

2023-07-06 00:42:04 - [TEST_STEP][PASSED] - verifyElementText(findTestObject("Object Repository/Comprobación de calculo correcto del coste de envío de producto/Page_Carrito -/h2_Total del carrito"), "Total del carrito"): Actual text and expected text of test object 'Object Repository/Comprobación de calculo correcto del coste de envío de producto/Page_Carrito -/h2_Total del carrito' are matched.

2023-07-06 00:42:04 - [MESSAGE][PASSED] - Actual text and expected text of test object 'Object Repository/Comprobación de calculo correcto del coste de envío de producto/Page_Carrito -/h2_Total del carrito' are matched.

2023-07-06 00:42:04 - [TEST_STEP][PASSED] - verifyElementText(findTestObject("Object Repository/Comprobación de calculo correcto del coste de envío de producto/Page_Carrito -/th_Subtotal"), "Subtotal"): Actual text and expected text of test object 'Object Repository/Comprobación de calculo correcto del coste de envío de producto/Page_Carrito -/th_Subtotal' are matched.

2023-07-06 00:42:04 - [MESSAGE][PASSED] - Actual text and expected text of test object 'Object Repository/Comprobación de calculo correcto del coste de envío de producto/Page_Carrito -/th_Subtotal' are matched.

2023-07-06 00:42:04 - [TEST_STEP][PASSED] - verifyElementText(findTestObject("Object Repository/Comprobación de calculo correcto del coste de envío de producto/Page_Carrito -/Total"), "18,90 €"): Actual text and expected text of test object 'Object Repository/Comprobación de calculo correcto del coste de envío de producto/Page_Carrito -/Total' are matched.

2023-07-06 00:42:05 - [MESSAGE][PASSED] - Actual text and expected text of test object 'Object Repository/Comprobación de calculo correcto del coste de envío de producto/Page_Carrito -/Total' are matched.

2023-07-06 00:42:07 - [TEST_STEP][PASSED] - Video: Video recording for test case 'Test Cases/ScriptsComunes/ComprobarCarritoProducto' .

2023-07-06 00:42:07 - [MESSAGE][INFO] - Video recording for test case 'Test Cases/ScriptsComunes/ComprobarCarritoProducto' .]]></system-out>
         <system-err><![CDATA[]]></system-err>
      </testcase>
      <testcase name="Test Cases/ScriptsComunes/ComprobarCalculoCosteDeEnvio" time="14.477" classname="Test Cases/ScriptsComunes/ComprobarCalculoCosteDeEnvio" status="PASSED">
         <system-out><![CDATA[2023-07-06 00:42:07 - [TEST_CASE][PASSED] - Test Cases/ScriptsComunes/ComprobarCalculoCosteDeEnvio: Test Cases/ScriptsComunes/ComprobarCalculoCosteDeEnvio

2023-07-06 00:42:08 - [TEST_STEP][PASSED] - verifyElementText(findTestObject("Object Repository/Comprobación de calculo correcto del coste de envío de producto/Page_Carrito -/th_Envio"), "Envío"): Actual text and expected text of test object 'Object Repository/Comprobación de calculo correcto del coste de envío de producto/Page_Carrito -/th_Envio' are matched.

2023-07-06 00:42:08 - [MESSAGE][PASSED] - Actual text and expected text of test object 'Object Repository/Comprobación de calculo correcto del coste de envío de producto/Page_Carrito -/th_Envio' are matched.

2023-07-06 00:42:08 - [TEST_STEP][PASSED] - verifyElementText(findTestObject("Object Repository/Comprobación de calculo correcto del coste de envío de producto/Page_Carrito -/label_Precio fijo 3,00"), "Precio fijo: 3,00 €"): Actual text and expected text of test object 'Object Repository/Comprobación de calculo correcto del coste de envío de producto/Page_Carrito -/label_Precio fijo 3,00' are matched.

2023-07-06 00:42:09 - [MESSAGE][PASSED] - Actual text and expected text of test object 'Object Repository/Comprobación de calculo correcto del coste de envío de producto/Page_Carrito -/label_Precio fijo 3,00' are matched.

2023-07-06 00:42:09 - [TEST_STEP][PASSED] - verifyElementText(findTestObject("Object Repository/Comprobación de calculo correcto del coste de envío de producto/Page_Carrito -/TextoDeOpcionesDeEnvio"), "Las opciones de envío se actualizarán durante el pago."): Actual text and expected text of test object 'Object Repository/Comprobación de calculo correcto del coste de envío de producto/Page_Carrito -/TextoDeOpcionesDeEnvio' are matched.

2023-07-06 00:42:09 - [MESSAGE][PASSED] - Actual text and expected text of test object 'Object Repository/Comprobación de calculo correcto del coste de envío de producto/Page_Carrito -/TextoDeOpcionesDeEnvio' are matched.

2023-07-06 00:42:09 - [TEST_STEP][PASSED] - verifyElementVisible(findTestObject("Object Repository/Comprobación de calculo correcto del coste de envío de producto/Page_Carrito -/a_CalcularCosteEnvio")): Object 'Object Repository/Comprobación de calculo correcto del coste de envío de producto/Page_Carrito -/a_CalcularCosteEnvio' is visible

2023-07-06 00:42:09 - [MESSAGE][PASSED] - Object 'Object Repository/Comprobación de calculo correcto del coste de envío de producto/Page_Carrito -/a_CalcularCosteEnvio' is visible

2023-07-06 00:42:09 - [TEST_STEP][PASSED] - verifyElementText(findTestObject("Object Repository/Comprobación de calculo correcto del coste de envío de producto/Page_Carrito -/th_Impuestos (estimado para España)"), "Impuestos (estimado para España)"): Actual text and expected text of test object 'Object Repository/Comprobación de calculo correcto del coste de envío de producto/Page_Carrito -/th_Impuestos (estimado para España)' are matched.

2023-07-06 00:42:10 - [MESSAGE][PASSED] - Actual text and expected text of test object 'Object Repository/Comprobación de calculo correcto del coste de envío de producto/Page_Carrito -/th_Impuestos (estimado para España)' are matched.

2023-07-06 00:42:10 - [TEST_STEP][PASSED] - verifyElementText(findTestObject("Object Repository/Comprobación de calculo correcto del coste de envío de producto/Page_Carrito -/th_Total"), "Total"): Actual text and expected text of test object 'Object Repository/Comprobación de calculo correcto del coste de envío de producto/Page_Carrito -/th_Total' are matched.

2023-07-06 00:42:10 - [MESSAGE][PASSED] - Actual text and expected text of test object 'Object Repository/Comprobación de calculo correcto del coste de envío de producto/Page_Carrito -/th_Total' are matched.

2023-07-06 00:42:10 - [TEST_STEP][PASSED] - scrollToElement(findTestObject("Comprobación de calculo correcto del coste de envío de producto/Page_Carrito -/CiudadDelEnvio"), 2): Scroll to object 'Object Repository/Comprobación de calculo correcto del coste de envío de producto/Page_Carrito -/CiudadDelEnvio' successfully

2023-07-06 00:42:11 - [MESSAGE][PASSED] - Scroll to object 'Object Repository/Comprobación de calculo correcto del coste de envío de producto/Page_Carrito -/CiudadDelEnvio' successfully

2023-07-06 00:42:11 - [TEST_STEP][PASSED] - click(findTestObject("Object Repository/Comprobación de calculo correcto del coste de envío de producto/Page_Carrito -/a_CalcularCosteEnvio")): Object: 'Object Repository/Comprobación de calculo correcto del coste de envío de producto/Page_Carrito -/a_CalcularCosteEnvio' is clicked on

2023-07-06 00:42:11 - [MESSAGE][PASSED] - Object: 'Object Repository/Comprobación de calculo correcto del coste de envío de producto/Page_Carrito -/a_CalcularCosteEnvio' is clicked on

2023-07-06 00:42:11 - [TEST_STEP][PASSED] - verifyElementVisible(findTestObject("Object Repository/Comprobación de calculo correcto del coste de envío de producto/Page_Carrito -/span_Espaa")): Object 'Object Repository/Comprobación de calculo correcto del coste de envío de producto/Page_Carrito -/span_Espaa' is visible

2023-07-06 00:42:12 - [MESSAGE][PASSED] - Object 'Object Repository/Comprobación de calculo correcto del coste de envío de producto/Page_Carrito -/span_Espaa' is visible

2023-07-06 00:42:12 - [TEST_STEP][PASSED] - verifyElementVisible(findTestObject("Object Repository/Comprobación de calculo correcto del coste de envío de producto/Page_Carrito -/CiudadDelEnvio")): Object 'Object Repository/Comprobación de calculo correcto del coste de envío de producto/Page_Carrito -/CiudadDelEnvio' is visible

2023-07-06 00:42:12 - [MESSAGE][PASSED] - Object 'Object Repository/Comprobación de calculo correcto del coste de envío de producto/Page_Carrito -/CiudadDelEnvio' is visible

2023-07-06 00:42:12 - [TEST_STEP][PASSED] - verifyElementVisible(findTestObject("Object Repository/Comprobación de calculo correcto del coste de envío de producto/Page_Carrito -/CPDelEnvio")): Object 'Object Repository/Comprobación de calculo correcto del coste de envío de producto/Page_Carrito -/CPDelEnvio' is visible

2023-07-06 00:42:13 - [MESSAGE][PASSED] - Object 'Object Repository/Comprobación de calculo correcto del coste de envío de producto/Page_Carrito -/CPDelEnvio' is visible

2023-07-06 00:42:13 - [TEST_STEP][PASSED] - verifyElementText(findTestObject("Object Repository/Comprobación de calculo correcto del coste de envío de producto/Page_Carrito -/BotonActualizar"), "Actualizar"): Actual text and expected text of test object 'Object Repository/Comprobación de calculo correcto del coste de envío de producto/Page_Carrito -/BotonActualizar' are matched.

2023-07-06 00:42:13 - [MESSAGE][PASSED] - Actual text and expected text of test object 'Object Repository/Comprobación de calculo correcto del coste de envío de producto/Page_Carrito -/BotonActualizar' are matched.

2023-07-06 00:42:13 - [TEST_STEP][PASSED] - setText(findTestObject("Object Repository/Comprobación de calculo correcto del coste de envío de producto/Page_Carrito -/CiudadDelEnvio"), Provincia): Text 'madrid' is set on object 'Object Repository/Comprobación de calculo correcto del coste de envío de producto/Page_Carrito -/CiudadDelEnvio'

2023-07-06 00:42:14 - [MESSAGE][PASSED] - Text 'madrid' is set on object 'Object Repository/Comprobación de calculo correcto del coste de envío de producto/Page_Carrito -/CiudadDelEnvio'

2023-07-06 00:42:14 - [TEST_STEP][PASSED] - setText(findTestObject("Object Repository/Comprobación de calculo correcto del coste de envío de producto/Page_Carrito -/CPDelEnvio"), CP): Text '28007' is set on object 'Object Repository/Comprobación de calculo correcto del coste de envío de producto/Page_Carrito -/CPDelEnvio'

2023-07-06 00:42:15 - [MESSAGE][PASSED] - Text '28007' is set on object 'Object Repository/Comprobación de calculo correcto del coste de envío de producto/Page_Carrito -/CPDelEnvio'

2023-07-06 00:42:15 - [TEST_STEP][PASSED] - click(findTestObject("Object Repository/Comprobación de calculo correcto del coste de envío de producto/Page_Carrito -/BotonActualizar")): Object: 'Object Repository/Comprobación de calculo correcto del coste de envío de producto/Page_Carrito -/BotonActualizar' is clicked on

2023-07-06 00:42:16 - [MESSAGE][PASSED] - Object: 'Object Repository/Comprobación de calculo correcto del coste de envío de producto/Page_Carrito -/BotonActualizar' is clicked on

2023-07-06 00:42:16 - [TEST_STEP][PASSED] - verifyElementText(findTestObject("Object Repository/Comprobación de calculo correcto del coste de envío de producto/Page_Carrito -/CosteEnvio"), CosteEnvio): Actual text and expected text of test object 'Object Repository/Comprobación de calculo correcto del coste de envío de producto/Page_Carrito -/CosteEnvio' are matched.

2023-07-06 00:42:19 - [MESSAGE][PASSED] - Actual text and expected text of test object 'Object Repository/Comprobación de calculo correcto del coste de envío de producto/Page_Carrito -/CosteEnvio' are matched.

2023-07-06 00:42:19 - [TEST_STEP][PASSED] - verifyElementText(findTestObject("Object Repository/Comprobación de calculo correcto del coste de envío de producto/Page_Carrito -/strong_28009 madrid, Madrid"), CP + " " + Provincia): Actual text and expected text of test object 'Object Repository/Comprobación de calculo correcto del coste de envío de producto/Page_Carrito -/strong_28009 madrid, Madrid' are matched.

2023-07-06 00:42:19 - [MESSAGE][PASSED] - Actual text and expected text of test object 'Object Repository/Comprobación de calculo correcto del coste de envío de producto/Page_Carrito -/strong_28009 madrid, Madrid' are matched.

2023-07-06 00:42:22 - [TEST_STEP][PASSED] - Video: Video recording for test case 'Test Cases/ScriptsComunes/ComprobarCalculoCosteDeEnvio' .

2023-07-06 00:42:22 - [MESSAGE][INFO] - Video recording for test case 'Test Cases/ScriptsComunes/ComprobarCalculoCosteDeEnvio' .]]></system-out>
         <system-err><![CDATA[]]></system-err>
      </testcase>
      <testcase name="Test Cases/ScriptsComunes/CerrarNavegador" time="3.511" classname="Test Cases/ScriptsComunes/CerrarNavegador" status="PASSED">
         <system-out><![CDATA[2023-07-06 00:42:22 - [TEST_CASE][PASSED] - Test Cases/ScriptsComunes/CerrarNavegador: Test Cases/ScriptsComunes/CerrarNavegador

2023-07-06 00:42:22 - [TEST_STEP][PASSED] - deleteAllCookies(): Delete all cookies successfully

2023-07-06 00:42:22 - [MESSAGE][PASSED] - Delete all cookies successfully

2023-07-06 00:42:22 - [TEST_STEP][PASSED] - closeBrowser(): Browser is closed

2023-07-06 00:42:23 - [MESSAGE][PASSED] - Browser is closed

2023-07-06 00:42:25 - [TEST_STEP][PASSED] - Video: Video recording for test case 'Test Cases/ScriptsComunes/CerrarNavegador' .

2023-07-06 00:42:25 - [MESSAGE][INFO] - Video recording for test case 'Test Cases/ScriptsComunes/CerrarNavegador' .]]></system-out>
         <system-err><![CDATA[]]></system-err>
      </testcase>
      <system-out><![CDATA[2023-07-06 00:41:12 - [TEST_SUITE][PASSED] - Comprobación de calculo correcto del coste de envío de producto: Test Cases/ScriptsComunes/CerrarNavegador]]></system-out>
      <system-err><![CDATA[]]></system-err>
   </testsuite>
</testsuites>
