<?xml version="1.0" encoding="UTF-8"?>
<testsuites name="Modificación de datos de la cuenta con cliente registrado" time="85.855" tests="6" failures="0" errors="0">
   <testsuite name="Modificación de datos de la cuenta con cliente registrado" tests="6" failures="0" errors="0" time="85.855" skipped="0" timestamp="2023-07-06 00:44:30" hostname="aleja - 192.168.1.13" id="Test Suites/Funcionalidades basicas/Modificación de datos de la cuenta con cliente registrado">
      <properties>
         <property name="deviceName" value=""/>
         <property name="devicePlatform" value=""/>
         <property name="logFolder" value="C:\\Users\\aleja\\git\\backup\\AutomatizacionTiendaVirtual_PFP\\Reports\\20230706_004425\\Funcionalidades basicas\\Modificaci\u00F3n de datos de la cuenta con cliente registrado\\20230706_004425"/>
         <property name="logFiles" value="C:\\Users\\aleja\\git\\backup\\AutomatizacionTiendaVirtual_PFP\\Reports\\20230706_004425\\Funcionalidades basicas\\Modificaci\u00F3n de datos de la cuenta con cliente registrado\\20230706_004425\\execution0.log"/>
         <property name="attachments" value=""/>
         <property name="hostName" value="aleja - 192.168.1.13"/>
         <property name="os" value="Windows 11 64bit"/>
         <property name="katalonVersion" value="8.6.5.208"/>
         <property name="browser" value="Chrome 114.0.0.0"/>
         <property name="hostAddress" value="192.168.1.13"/>
         <property name="sessionId" value="cc4fd8627e856bc51a018cd2cd04cba2"/>
         <property name="seleniumVersion" value="3.141.59"/>
         <property name="proxyInformation" value="ProxyInformation { proxyOption=NO_PROXY, proxyServerType=HTTP, username=, password=********, proxyServerAddress=, proxyServerPort=0, executionList=&quot;&quot;, isApplyToDesiredCapabilities=true }"/>
         <property name="platform" value="Windows 11"/>
      </properties>
      <testcase name="Test Cases/ScriptsComunes/AccesoATienda" time="9.126" classname="Test Cases/ScriptsComunes/AccesoATienda" status="PASSED">
         <system-out><![CDATA[2023-07-06 00:44:30 - [TEST_CASE][PASSED] - Test Cases/ScriptsComunes/AccesoATienda: Test Cases/ScriptsComunes/AccesoATienda

2023-07-06 00:44:31 - [TEST_STEP][PASSED] - openBrowser(""): Browser is opened with url: ''

2023-07-06 00:44:31 - [MESSAGE][INFO] - Starting 'Chrome' driver

2023-07-06 00:44:31 - [MESSAGE][INFO] - User set preference: ['acceptInsecureCert', 'true']

2023-07-06 00:44:31 - [MESSAGE][INFO] - Action delay is set to 0 milliseconds

2023-07-06 00:44:34 - [MESSAGE][PASSED] - Browser is opened with url: ''

2023-07-06 00:44:34 - [TEST_STEP][PASSED] - navigateToUrl("https://pruebasqafenix.com/"): Navigate to 'https://pruebasqafenix.com/' successfully

2023-07-06 00:44:36 - [MESSAGE][PASSED] - Navigate to 'https://pruebasqafenix.com/' successfully

2023-07-06 00:44:36 - [TEST_STEP][PASSED] - maximizeWindow(): Current window maximized

2023-07-06 00:44:36 - [MESSAGE][PASSED] - Current window maximized

2023-07-06 00:44:37 - [TEST_STEP][PASSED] - waitForPageLoad(30): Wait for page load successfully

2023-07-06 00:44:37 - [MESSAGE][PASSED] - Wait for page load successfully

2023-07-06 00:44:37 - [TEST_STEP][PASSED] - click(findTestObject("Object Repository/Compra de un grupo de productos con descuentos con cliente registrado/Page_Inicio -/AceptarCookies")): Object: 'Object Repository/Compra de un grupo de productos con descuentos con cliente registrado/Page_Inicio -/AceptarCookies' is clicked on

2023-07-06 00:44:38 - [MESSAGE][PASSED] - Object: 'Object Repository/Compra de un grupo de productos con descuentos con cliente registrado/Page_Inicio -/AceptarCookies' is clicked on

2023-07-06 00:44:40 - [TEST_STEP][PASSED] - Video: Video recording for test case 'Test Cases/ScriptsComunes/AccesoATienda' .

2023-07-06 00:44:40 - [MESSAGE][INFO] - Video recording for test case 'Test Cases/ScriptsComunes/AccesoATienda' .]]></system-out>
         <system-err><![CDATA[]]></system-err>
      </testcase>
      <testcase name="Test Cases/ScriptsComunes/Loguearse" time="20.075" classname="Test Cases/ScriptsComunes/Loguearse" status="PASSED">
         <system-out><![CDATA[2023-07-06 00:44:40 - [TEST_CASE][PASSED] - Test Cases/ScriptsComunes/Loguearse: Test Cases/ScriptsComunes/Loguearse

2023-07-06 00:44:40 - [TEST_STEP][PASSED] - click(findTestObject("Object Repository/Modificación de datos de la cuenta con cliente registrado/Page_Inicio -/a_Mi Cuenta")): Object: 'Object Repository/Modificación de datos de la cuenta con cliente registrado/Page_Inicio -/a_Mi Cuenta' is clicked on

2023-07-06 00:44:43 - [MESSAGE][PASSED] - Object: 'Object Repository/Modificación de datos de la cuenta con cliente registrado/Page_Inicio -/a_Mi Cuenta' is clicked on

2023-07-06 00:44:43 - [TEST_STEP][PASSED] - verifyElementText(findTestObject("Object Repository/Modificación de datos de la cuenta con cliente registrado/Page_Mi Cuenta -/h1_Mi Cuenta"), "Mi Cuenta"): Actual text and expected text of test object 'Object Repository/Modificación de datos de la cuenta con cliente registrado/Page_Mi Cuenta -/h1_Mi Cuenta' are matched.

2023-07-06 00:44:43 - [MESSAGE][PASSED] - Actual text and expected text of test object 'Object Repository/Modificación de datos de la cuenta con cliente registrado/Page_Mi Cuenta -/h1_Mi Cuenta' are matched.

2023-07-06 00:44:43 - [TEST_STEP][PASSED] - verifyElementText(findTestObject("Object Repository/Modificación de datos de la cuenta con cliente registrado/Page_Mi Cuenta -/h2_Acceder"), "Acceder"): Actual text and expected text of test object 'Object Repository/Modificación de datos de la cuenta con cliente registrado/Page_Mi Cuenta -/h2_Acceder' are matched.

2023-07-06 00:44:44 - [MESSAGE][PASSED] - Actual text and expected text of test object 'Object Repository/Modificación de datos de la cuenta con cliente registrado/Page_Mi Cuenta -/h2_Acceder' are matched.

2023-07-06 00:44:44 - [TEST_STEP][PASSED] - verifyElementText(findTestObject("Object Repository/Modificación de datos de la cuenta con cliente registrado/Page_Mi Cuenta -/label_Nombre de usuario o correo electrnico"), "Nombre de usuario o correo electrónico *"): Actual text and expected text of test object 'Object Repository/Modificación de datos de la cuenta con cliente registrado/Page_Mi Cuenta -/label_Nombre de usuario o correo electrnico' are matched.

2023-07-06 00:44:44 - [MESSAGE][PASSED] - Actual text and expected text of test object 'Object Repository/Modificación de datos de la cuenta con cliente registrado/Page_Mi Cuenta -/label_Nombre de usuario o correo electrnico' are matched.

2023-07-06 00:44:44 - [TEST_STEP][PASSED] - verifyElementVisible(findTestObject("Object Repository/Modificación de datos de la cuenta con cliente registrado/Page_Mi Cuenta -/input__username")): Object 'Object Repository/Modificación de datos de la cuenta con cliente registrado/Page_Mi Cuenta -/input__username' is visible

2023-07-06 00:44:45 - [MESSAGE][PASSED] - Object 'Object Repository/Modificación de datos de la cuenta con cliente registrado/Page_Mi Cuenta -/input__username' is visible

2023-07-06 00:44:45 - [TEST_STEP][PASSED] - verifyElementText(findTestObject("Object Repository/Modificación de datos de la cuenta con cliente registrado/Page_Mi Cuenta -/label_Contraseña"), "Contraseña *"): Actual text and expected text of test object 'Object Repository/Modificación de datos de la cuenta con cliente registrado/Page_Mi Cuenta -/label_Contraseña' are matched.

2023-07-06 00:44:45 - [MESSAGE][PASSED] - Actual text and expected text of test object 'Object Repository/Modificación de datos de la cuenta con cliente registrado/Page_Mi Cuenta -/label_Contraseña' are matched.

2023-07-06 00:44:45 - [TEST_STEP][PASSED] - verifyElementVisible(findTestObject("Object Repository/Modificación de datos de la cuenta con cliente registrado/Page_Mi Cuenta -/input__password")): Object 'Object Repository/Modificación de datos de la cuenta con cliente registrado/Page_Mi Cuenta -/input__password' is visible

2023-07-06 00:44:45 - [MESSAGE][PASSED] - Object 'Object Repository/Modificación de datos de la cuenta con cliente registrado/Page_Mi Cuenta -/input__password' is visible

2023-07-06 00:44:45 - [TEST_STEP][PASSED] - verifyElementText(findTestObject("Object Repository/Modificación de datos de la cuenta con cliente registrado/Page_Mi Cuenta -/BotonAcceder"), "Acceder"): Actual text and expected text of test object 'Object Repository/Modificación de datos de la cuenta con cliente registrado/Page_Mi Cuenta -/BotonAcceder' are matched.

2023-07-06 00:44:46 - [MESSAGE][PASSED] - Actual text and expected text of test object 'Object Repository/Modificación de datos de la cuenta con cliente registrado/Page_Mi Cuenta -/BotonAcceder' are matched.

2023-07-06 00:44:46 - [TEST_STEP][PASSED] - verifyElementText(findTestObject("Object Repository/Modificación de datos de la cuenta con cliente registrado/Page_Mi Cuenta -/span_Recurdame"), "Recuérdame"): Actual text and expected text of test object 'Object Repository/Modificación de datos de la cuenta con cliente registrado/Page_Mi Cuenta -/span_Recurdame' are matched.

2023-07-06 00:44:46 - [MESSAGE][PASSED] - Actual text and expected text of test object 'Object Repository/Modificación de datos de la cuenta con cliente registrado/Page_Mi Cuenta -/span_Recurdame' are matched.

2023-07-06 00:44:46 - [TEST_STEP][PASSED] - verifyElementVisible(findTestObject("Object Repository/Modificación de datos de la cuenta con cliente registrado/Page_Mi Cuenta -/input__rememberme")): Object 'Object Repository/Modificación de datos de la cuenta con cliente registrado/Page_Mi Cuenta -/input__rememberme' is visible

2023-07-06 00:44:47 - [MESSAGE][PASSED] - Object 'Object Repository/Modificación de datos de la cuenta con cliente registrado/Page_Mi Cuenta -/input__rememberme' is visible

2023-07-06 00:44:47 - [TEST_STEP][PASSED] - verifyElementText(findTestObject("Object Repository/Modificación de datos de la cuenta con cliente registrado/Page_Mi Cuenta -/a_Olvidaste la contrasea"), "¿Olvidaste la contraseña?"): Actual text and expected text of test object 'Object Repository/Modificación de datos de la cuenta con cliente registrado/Page_Mi Cuenta -/a_Olvidaste la contrasea' are matched.

2023-07-06 00:44:47 - [MESSAGE][PASSED] - Actual text and expected text of test object 'Object Repository/Modificación de datos de la cuenta con cliente registrado/Page_Mi Cuenta -/a_Olvidaste la contrasea' are matched.

2023-07-06 00:44:47 - [TEST_STEP][PASSED] - verifyElementText(findTestObject("Object Repository/Modificación de datos de la cuenta con cliente registrado/Page_Mi Cuenta -/h2_Registrarse"), "Registrarse"): Actual text and expected text of test object 'Object Repository/Modificación de datos de la cuenta con cliente registrado/Page_Mi Cuenta -/h2_Registrarse' are matched.

2023-07-06 00:44:48 - [MESSAGE][PASSED] - Actual text and expected text of test object 'Object Repository/Modificación de datos de la cuenta con cliente registrado/Page_Mi Cuenta -/h2_Registrarse' are matched.

2023-07-06 00:44:48 - [TEST_STEP][PASSED] - verifyElementText(findTestObject("Object Repository/Modificación de datos de la cuenta con cliente registrado/Page_Mi Cuenta -/label_Direccin de correo electrnico"), "Dirección de correo electrónico *"): Actual text and expected text of test object 'Object Repository/Modificación de datos de la cuenta con cliente registrado/Page_Mi Cuenta -/label_Direccin de correo electrnico' are matched.

2023-07-06 00:44:48 - [MESSAGE][PASSED] - Actual text and expected text of test object 'Object Repository/Modificación de datos de la cuenta con cliente registrado/Page_Mi Cuenta -/label_Direccin de correo electrnico' are matched.

2023-07-06 00:44:48 - [TEST_STEP][PASSED] - verifyElementVisible(findTestObject("Object Repository/Modificación de datos de la cuenta con cliente registrado/Page_Mi Cuenta -/input__email")): Object 'Object Repository/Modificación de datos de la cuenta con cliente registrado/Page_Mi Cuenta -/input__email' is visible

2023-07-06 00:44:48 - [MESSAGE][PASSED] - Object 'Object Repository/Modificación de datos de la cuenta con cliente registrado/Page_Mi Cuenta -/input__email' is visible

2023-07-06 00:44:48 - [TEST_STEP][PASSED] - verifyElementText(findTestObject("Object Repository/Modificación de datos de la cuenta con cliente registrado/Page_Mi Cuenta -/span_Suscrbete a nuestro boletn"), "Suscríbete a nuestro boletín"): Actual text and expected text of test object 'Object Repository/Modificación de datos de la cuenta con cliente registrado/Page_Mi Cuenta -/span_Suscrbete a nuestro boletn' are matched.

2023-07-06 00:44:49 - [MESSAGE][PASSED] - Actual text and expected text of test object 'Object Repository/Modificación de datos de la cuenta con cliente registrado/Page_Mi Cuenta -/span_Suscrbete a nuestro boletn' are matched.

2023-07-06 00:44:49 - [TEST_STEP][PASSED] - verifyElementClickable(findTestObject("Object Repository/Modificación de datos de la cuenta con cliente registrado/Page_Mi Cuenta -/input__mailchimp_woocommerce_newsletter")): Object 'Object Repository/Modificación de datos de la cuenta con cliente registrado/Page_Mi Cuenta -/input__mailchimp_woocommerce_newsletter' is clickable

2023-07-06 00:44:49 - [MESSAGE][PASSED] - Object 'Object Repository/Modificación de datos de la cuenta con cliente registrado/Page_Mi Cuenta -/input__mailchimp_woocommerce_newsletter' is clickable

2023-07-06 00:44:49 - [TEST_STEP][PASSED] - verifyElementText(findTestObject("Object Repository/Modificación de datos de la cuenta con cliente registrado/Page_Mi Cuenta -/p_Sus datos personales se utilizarn para re_ffe051"), "Sus datos personales se utilizarán para respaldar su experiencia en este sitio web, para administrar el acceso a su cuenta y para otros fines descritos en nuestro política de privacidad."): Actual text and expected text of test object 'Object Repository/Modificación de datos de la cuenta con cliente registrado/Page_Mi Cuenta -/p_Sus datos personales se utilizarn para re_ffe051' are matched.

2023-07-06 00:44:50 - [MESSAGE][PASSED] - Actual text and expected text of test object 'Object Repository/Modificación de datos de la cuenta con cliente registrado/Page_Mi Cuenta -/p_Sus datos personales se utilizarn para re_ffe051' are matched.

2023-07-06 00:44:50 - [TEST_STEP][PASSED] - scrollToElement(findTestObject("Modificación de datos de la cuenta con cliente registrado/Page_Mi Cuenta -/BotonAcceder"), 2): Scroll to object 'Object Repository/Modificación de datos de la cuenta con cliente registrado/Page_Mi Cuenta -/BotonAcceder' successfully

2023-07-06 00:44:50 - [MESSAGE][PASSED] - Scroll to object 'Object Repository/Modificación de datos de la cuenta con cliente registrado/Page_Mi Cuenta -/BotonAcceder' successfully

2023-07-06 00:44:50 - [TEST_STEP][PASSED] - verifyElementText(findTestObject("Object Repository/Modificación de datos de la cuenta con cliente registrado/Page_Mi Cuenta -/BotonRegistrarse"), "Registrarse"): Actual text and expected text of test object 'Object Repository/Modificación de datos de la cuenta con cliente registrado/Page_Mi Cuenta -/BotonRegistrarse' are matched.

2023-07-06 00:44:50 - [MESSAGE][PASSED] - Actual text and expected text of test object 'Object Repository/Modificación de datos de la cuenta con cliente registrado/Page_Mi Cuenta -/BotonRegistrarse' are matched.

2023-07-06 00:44:50 - [TEST_STEP][PASSED] - setText(findTestObject("Object Repository/Modificación de datos de la cuenta con cliente registrado/Page_Mi Cuenta -/input__username"), Usuario): Text 'tejonloco0@gmail.com' is set on object 'Object Repository/Modificación de datos de la cuenta con cliente registrado/Page_Mi Cuenta -/input__username'

2023-07-06 00:44:51 - [MESSAGE][PASSED] - Text 'tejonloco0@gmail.com' is set on object 'Object Repository/Modificación de datos de la cuenta con cliente registrado/Page_Mi Cuenta -/input__username'

2023-07-06 00:44:51 - [TEST_STEP][PASSED] - setText(findTestObject("Object Repository/Modificación de datos de la cuenta con cliente registrado/Page_Mi Cuenta -/input__password"), Password): Text 'Isabela_2023_' is set on object 'Object Repository/Modificación de datos de la cuenta con cliente registrado/Page_Mi Cuenta -/input__password'

2023-07-06 00:44:52 - [MESSAGE][PASSED] - Text 'Isabela_2023_' is set on object 'Object Repository/Modificación de datos de la cuenta con cliente registrado/Page_Mi Cuenta -/input__password'

2023-07-06 00:44:52 - [TEST_STEP][PASSED] - click(findTestObject("Object Repository/Modificación de datos de la cuenta con cliente registrado/Page_Mi Cuenta -/BotonAcceder")): Object: 'Object Repository/Modificación de datos de la cuenta con cliente registrado/Page_Mi Cuenta -/BotonAcceder' is clicked on

2023-07-06 00:44:58 - [MESSAGE][PASSED] - Object: 'Object Repository/Modificación de datos de la cuenta con cliente registrado/Page_Mi Cuenta -/BotonAcceder' is clicked on

2023-07-06 00:45:00 - [TEST_STEP][PASSED] - Video: Video recording for test case 'Test Cases/ScriptsComunes/Loguearse' .

2023-07-06 00:45:00 - [MESSAGE][INFO] - Video recording for test case 'Test Cases/ScriptsComunes/Loguearse' .]]></system-out>
         <system-err><![CDATA[]]></system-err>
      </testcase>
      <testcase name="Test Cases/ScriptsComunes/ComprobarComponentesDeMiCuenta" time="28.313" classname="Test Cases/ScriptsComunes/ComprobarComponentesDeMiCuenta" status="PASSED">
         <system-out><![CDATA[2023-07-06 00:45:00 - [TEST_CASE][PASSED] - Test Cases/ScriptsComunes/ComprobarComponentesDeMiCuenta: Test Cases/ScriptsComunes/ComprobarComponentesDeMiCuenta

2023-07-06 00:45:00 - [TEST_STEP][PASSED] - verifyElementText(findTestObject("Object Repository/Modificación de datos de la cuenta con cliente registrado/Page_Mi Cuenta -/p_Hola sonia (no eres sonia Cerrar sesin)"), "Hola " + NombreVisible + " (¿no eres " + NombreVisible + "? Cerrar sesión)"): Actual text and expected text of test object 'Object Repository/Modificación de datos de la cuenta con cliente registrado/Page_Mi Cuenta -/p_Hola sonia (no eres sonia Cerrar sesin)' are matched.

2023-07-06 00:45:01 - [MESSAGE][PASSED] - Actual text and expected text of test object 'Object Repository/Modificación de datos de la cuenta con cliente registrado/Page_Mi Cuenta -/p_Hola sonia (no eres sonia Cerrar sesin)' are matched.

2023-07-06 00:45:01 - [TEST_STEP][PASSED] - verifyElementClickable(findTestObject("Object Repository/Modificación de datos de la cuenta con cliente registrado/Page_Mi Cuenta -/a_CerrarSesion")): Object 'Object Repository/Modificación de datos de la cuenta con cliente registrado/Page_Mi Cuenta -/a_CerrarSesion' is clickable

2023-07-06 00:45:01 - [MESSAGE][PASSED] - Object 'Object Repository/Modificación de datos de la cuenta con cliente registrado/Page_Mi Cuenta -/a_CerrarSesion' is clickable

2023-07-06 00:45:01 - [TEST_STEP][PASSED] - verifyElementText(findTestObject("Object Repository/Modificación de datos de la cuenta con cliente registrado/Page_Mi Cuenta -/p_Desde el escritorio de tu cuenta puedes v_98bda8"), "Desde el escritorio de tu cuenta puedes ver tus pedidos recientes, gestionar tus direcciones de envío y facturación y editar tu contraseña y los detalles de tu cuenta."): Actual text and expected text of test object 'Object Repository/Modificación de datos de la cuenta con cliente registrado/Page_Mi Cuenta -/p_Desde el escritorio de tu cuenta puedes v_98bda8' are matched.

2023-07-06 00:45:02 - [MESSAGE][PASSED] - Actual text and expected text of test object 'Object Repository/Modificación de datos de la cuenta con cliente registrado/Page_Mi Cuenta -/p_Desde el escritorio de tu cuenta puedes v_98bda8' are matched.

2023-07-06 00:45:02 - [TEST_STEP][PASSED] - verifyElementClickable(findTestObject("Object Repository/Modificación de datos de la cuenta con cliente registrado/Page_Mi Cuenta -/a_pedidos recientes")): Object 'Object Repository/Modificación de datos de la cuenta con cliente registrado/Page_Mi Cuenta -/a_pedidos recientes' is clickable

2023-07-06 00:45:02 - [MESSAGE][PASSED] - Object 'Object Repository/Modificación de datos de la cuenta con cliente registrado/Page_Mi Cuenta -/a_pedidos recientes' is clickable

2023-07-06 00:45:02 - [TEST_STEP][PASSED] - verifyElementClickable(findTestObject("Object Repository/Modificación de datos de la cuenta con cliente registrado/Page_Mi Cuenta -/a_DireccionDeEnvioYFacturacion")): Object 'Object Repository/Modificación de datos de la cuenta con cliente registrado/Page_Mi Cuenta -/a_DireccionDeEnvioYFacturacion' is clickable

2023-07-06 00:45:02 - [MESSAGE][PASSED] - Object 'Object Repository/Modificación de datos de la cuenta con cliente registrado/Page_Mi Cuenta -/a_DireccionDeEnvioYFacturacion' is clickable

2023-07-06 00:45:02 - [TEST_STEP][PASSED] - verifyElementClickable(findTestObject("Object Repository/Modificación de datos de la cuenta con cliente registrado/Page_Mi Cuenta -/a_editar tu contraseña y los detalles de tu cuenta")): Object 'Object Repository/Modificación de datos de la cuenta con cliente registrado/Page_Mi Cuenta -/a_editar tu contraseña y los detalles de tu cuenta' is clickable

2023-07-06 00:45:03 - [MESSAGE][PASSED] - Object 'Object Repository/Modificación de datos de la cuenta con cliente registrado/Page_Mi Cuenta -/a_editar tu contraseña y los detalles de tu cuenta' is clickable

2023-07-06 00:45:03 - [TEST_STEP][PASSED] - click(findTestObject("Object Repository/Modificación de datos de la cuenta con cliente registrado/Page_Mi Cuenta -/a_Pedidos")): Object: 'Object Repository/Modificación de datos de la cuenta con cliente registrado/Page_Mi Cuenta -/a_Pedidos' is clicked on

2023-07-06 00:45:05 - [MESSAGE][PASSED] - Object: 'Object Repository/Modificación de datos de la cuenta con cliente registrado/Page_Mi Cuenta -/a_Pedidos' is clicked on

2023-07-06 00:45:05 - [TEST_STEP][PASSED] - verifyElementText(findTestObject("Object Repository/Modificación de datos de la cuenta con cliente registrado/Page_Mi Cuenta -/span_Pedido"), "Pedido"): Actual text and expected text of test object 'Object Repository/Modificación de datos de la cuenta con cliente registrado/Page_Mi Cuenta -/span_Pedido' are matched.

2023-07-06 00:45:06 - [MESSAGE][PASSED] - Actual text and expected text of test object 'Object Repository/Modificación de datos de la cuenta con cliente registrado/Page_Mi Cuenta -/span_Pedido' are matched.

2023-07-06 00:45:06 - [TEST_STEP][PASSED] - verifyElementText(findTestObject("Object Repository/Modificación de datos de la cuenta con cliente registrado/Page_Mi Cuenta -/span_Fecha"), "Fecha"): Actual text and expected text of test object 'Object Repository/Modificación de datos de la cuenta con cliente registrado/Page_Mi Cuenta -/span_Fecha' are matched.

2023-07-06 00:45:06 - [MESSAGE][PASSED] - Actual text and expected text of test object 'Object Repository/Modificación de datos de la cuenta con cliente registrado/Page_Mi Cuenta -/span_Fecha' are matched.

2023-07-06 00:45:06 - [TEST_STEP][PASSED] - verifyElementText(findTestObject("Object Repository/Modificación de datos de la cuenta con cliente registrado/Page_Mi Cuenta -/span_Estado"), "Estado"): Actual text and expected text of test object 'Object Repository/Modificación de datos de la cuenta con cliente registrado/Page_Mi Cuenta -/span_Estado' are matched.

2023-07-06 00:45:06 - [MESSAGE][PASSED] - Actual text and expected text of test object 'Object Repository/Modificación de datos de la cuenta con cliente registrado/Page_Mi Cuenta -/span_Estado' are matched.

2023-07-06 00:45:06 - [TEST_STEP][PASSED] - verifyElementText(findTestObject("Object Repository/Modificación de datos de la cuenta con cliente registrado/Page_Mi Cuenta -/span_Total"), "Total"): Actual text and expected text of test object 'Object Repository/Modificación de datos de la cuenta con cliente registrado/Page_Mi Cuenta -/span_Total' are matched.

2023-07-06 00:45:07 - [MESSAGE][PASSED] - Actual text and expected text of test object 'Object Repository/Modificación de datos de la cuenta con cliente registrado/Page_Mi Cuenta -/span_Total' are matched.

2023-07-06 00:45:07 - [TEST_STEP][PASSED] - verifyElementText(findTestObject("Object Repository/Modificación de datos de la cuenta con cliente registrado/Page_Mi Cuenta -/span_Acciones"), "Acciones"): Actual text and expected text of test object 'Object Repository/Modificación de datos de la cuenta con cliente registrado/Page_Mi Cuenta -/span_Acciones' are matched.

2023-07-06 00:45:07 - [MESSAGE][PASSED] - Actual text and expected text of test object 'Object Repository/Modificación de datos de la cuenta con cliente registrado/Page_Mi Cuenta -/span_Acciones' are matched.

2023-07-06 00:45:07 - [TEST_STEP][PASSED] - EstadoPedido = getText(findTestObject("Modificación de datos de la cuenta con cliente registrado/Page_Mi Cuenta -/td_En espera")): Text of object 'Object Repository/Modificación de datos de la cuenta con cliente registrado/Page_Mi Cuenta -/td_En espera' is: 'Procesando'

2023-07-06 00:45:08 - [MESSAGE][PASSED] - Text of object 'Object Repository/Modificación de datos de la cuenta con cliente registrado/Page_Mi Cuenta -/td_En espera' is: 'Procesando'

2023-07-06 00:45:08 - [TEST_STEP][PASSED] - println(EstadoPedido): null

2023-07-06 00:45:08 - [TEST_STEP][PASSED] - while (EstadoPedido != "Procesando"): null

2023-07-06 00:45:08 - [TEST_STEP][PASSED] - if (EstadoPedido == "Procesando" || EstadoPedido == "En espera"): Text 'Ver' is present on page 

2023-07-06 00:45:08 - [TEST_STEP][PASSED] - verifyTextPresent("Ver", false): Text 'Ver' is present on page 

2023-07-06 00:45:08 - [MESSAGE][PASSED] - Text 'Ver' is present on page 

2023-07-06 00:45:08 - [TEST_STEP][PASSED] - click(findTestObject("Object Repository/Modificación de datos de la cuenta con cliente registrado/Page_Mi Cuenta -/a_Tarjetas regalo")): Object: 'Object Repository/Modificación de datos de la cuenta con cliente registrado/Page_Mi Cuenta -/a_Tarjetas regalo' is clicked on

2023-07-06 00:45:10 - [MESSAGE][PASSED] - Object: 'Object Repository/Modificación de datos de la cuenta con cliente registrado/Page_Mi Cuenta -/a_Tarjetas regalo' is clicked on

2023-07-06 00:45:10 - [TEST_STEP][PASSED] - verifyElementVisible(findTestObject("Object Repository/Modificación de datos de la cuenta con cliente registrado/Page_Mi Cuenta -/svg_Group")): Object 'Object Repository/Modificación de datos de la cuenta con cliente registrado/Page_Mi Cuenta -/svg_Group' is visible

2023-07-06 00:45:11 - [MESSAGE][PASSED] - Object 'Object Repository/Modificación de datos de la cuenta con cliente registrado/Page_Mi Cuenta -/svg_Group' is visible

2023-07-06 00:45:11 - [TEST_STEP][PASSED] - click(findTestObject("Object Repository/Modificación de datos de la cuenta con cliente registrado/Page_Mi Cuenta -/a_Descargas")): Object: 'Object Repository/Modificación de datos de la cuenta con cliente registrado/Page_Mi Cuenta -/a_Descargas' is clicked on

2023-07-06 00:45:12 - [MESSAGE][PASSED] - Object: 'Object Repository/Modificación de datos de la cuenta con cliente registrado/Page_Mi Cuenta -/a_Descargas' is clicked on

2023-07-06 00:45:12 - [TEST_STEP][PASSED] - click(findTestObject("Object Repository/Modificación de datos de la cuenta con cliente registrado/Page_Mi Cuenta -/a_Direcciones")): Object: 'Object Repository/Modificación de datos de la cuenta con cliente registrado/Page_Mi Cuenta -/a_Direcciones' is clicked on

2023-07-06 00:45:14 - [MESSAGE][PASSED] - Object: 'Object Repository/Modificación de datos de la cuenta con cliente registrado/Page_Mi Cuenta -/a_Direcciones' is clicked on

2023-07-06 00:45:14 - [TEST_STEP][PASSED] - verifyElementPresent(findTestObject("Object Repository/Modificación de datos de la cuenta con cliente registrado/Page_Mi Cuenta -/h3_Direccin de facturacin"), 2): Object 'Object Repository/Modificación de datos de la cuenta con cliente registrado/Page_Mi Cuenta -/h3_Direccin de facturacin' is present

2023-07-06 00:45:15 - [MESSAGE][PASSED] - Object 'Object Repository/Modificación de datos de la cuenta con cliente registrado/Page_Mi Cuenta -/h3_Direccin de facturacin' is present

2023-07-06 00:45:15 - [TEST_STEP][PASSED] - verifyElementText(findTestObject("Object Repository/Modificación de datos de la cuenta con cliente registrado/Page_Mi Cuenta -/h3_Direccin de facturacin"), "Dirección de facturación"): Actual text and expected text of test object 'Object Repository/Modificación de datos de la cuenta con cliente registrado/Page_Mi Cuenta -/h3_Direccin de facturacin' are matched.

2023-07-06 00:45:16 - [MESSAGE][PASSED] - Actual text and expected text of test object 'Object Repository/Modificación de datos de la cuenta con cliente registrado/Page_Mi Cuenta -/h3_Direccin de facturacin' are matched.

2023-07-06 00:45:16 - [TEST_STEP][PASSED] - verifyElementText(findTestObject("Object Repository/Modificación de datos de la cuenta con cliente registrado/Page_Mi Cuenta -/h3_Direccin de envo"), "Dirección de envío"): Actual text and expected text of test object 'Object Repository/Modificación de datos de la cuenta con cliente registrado/Page_Mi Cuenta -/h3_Direccin de envo' are matched.

2023-07-06 00:45:16 - [MESSAGE][PASSED] - Actual text and expected text of test object 'Object Repository/Modificación de datos de la cuenta con cliente registrado/Page_Mi Cuenta -/h3_Direccin de envo' are matched.

2023-07-06 00:45:16 - [TEST_STEP][PASSED] - click(findTestObject("Object Repository/Modificación de datos de la cuenta con cliente registrado/Page_Mi Cuenta -/a_Detalles de la cuenta")): Object: 'Object Repository/Modificación de datos de la cuenta con cliente registrado/Page_Mi Cuenta -/a_Detalles de la cuenta' is clicked on

2023-07-06 00:45:18 - [MESSAGE][PASSED] - Object: 'Object Repository/Modificación de datos de la cuenta con cliente registrado/Page_Mi Cuenta -/a_Detalles de la cuenta' is clicked on

2023-07-06 00:45:18 - [TEST_STEP][PASSED] - verifyElementVisible(findTestObject("Object Repository/Modificación de datos de la cuenta con cliente registrado/Page_Mi Cuenta -/label_Nombre")): Object 'Object Repository/Modificación de datos de la cuenta con cliente registrado/Page_Mi Cuenta -/label_Nombre' is visible

2023-07-06 00:45:19 - [MESSAGE][PASSED] - Object 'Object Repository/Modificación de datos de la cuenta con cliente registrado/Page_Mi Cuenta -/label_Nombre' is visible

2023-07-06 00:45:19 - [TEST_STEP][PASSED] - verifyElementVisible(findTestObject("Object Repository/Modificación de datos de la cuenta con cliente registrado/Page_Mi Cuenta -/label_Apellidos")): Object 'Object Repository/Modificación de datos de la cuenta con cliente registrado/Page_Mi Cuenta -/label_Apellidos' is visible

2023-07-06 00:45:19 - [MESSAGE][PASSED] - Object 'Object Repository/Modificación de datos de la cuenta con cliente registrado/Page_Mi Cuenta -/label_Apellidos' is visible

2023-07-06 00:45:19 - [TEST_STEP][PASSED] - verifyElementVisible(findTestObject("Object Repository/Modificación de datos de la cuenta con cliente registrado/Page_Mi Cuenta -/input__account_first_name")): Object 'Object Repository/Modificación de datos de la cuenta con cliente registrado/Page_Mi Cuenta -/input__account_first_name' is visible

2023-07-06 00:45:20 - [MESSAGE][PASSED] - Object 'Object Repository/Modificación de datos de la cuenta con cliente registrado/Page_Mi Cuenta -/input__account_first_name' is visible

2023-07-06 00:45:20 - [TEST_STEP][PASSED] - verifyElementVisible(findTestObject("Object Repository/Modificación de datos de la cuenta con cliente registrado/Page_Mi Cuenta -/input__account_last_name")): Object 'Object Repository/Modificación de datos de la cuenta con cliente registrado/Page_Mi Cuenta -/input__account_last_name' is visible

2023-07-06 00:45:20 - [MESSAGE][PASSED] - Object 'Object Repository/Modificación de datos de la cuenta con cliente registrado/Page_Mi Cuenta -/input__account_last_name' is visible

2023-07-06 00:45:20 - [TEST_STEP][PASSED] - verifyElementVisible(findTestObject("Object Repository/Modificación de datos de la cuenta con cliente registrado/Page_Mi Cuenta -/input__account_display_name")): Object 'Object Repository/Modificación de datos de la cuenta con cliente registrado/Page_Mi Cuenta -/input__account_display_name' is visible

2023-07-06 00:45:21 - [MESSAGE][PASSED] - Object 'Object Repository/Modificación de datos de la cuenta con cliente registrado/Page_Mi Cuenta -/input__account_display_name' is visible

2023-07-06 00:45:21 - [TEST_STEP][PASSED] - verifyElementText(findTestObject("Modificación de datos de la cuenta con cliente registrado/Page_Mi Cuenta -/label_Nombre visible"), "Nombre visible *"): Actual text and expected text of test object 'Object Repository/Modificación de datos de la cuenta con cliente registrado/Page_Mi Cuenta -/label_Nombre visible' are matched.

2023-07-06 00:45:21 - [MESSAGE][PASSED] - Actual text and expected text of test object 'Object Repository/Modificación de datos de la cuenta con cliente registrado/Page_Mi Cuenta -/label_Nombre visible' are matched.

2023-07-06 00:45:21 - [TEST_STEP][PASSED] - verifyElementText(findTestObject("Object Repository/Modificación de datos de la cuenta con cliente registrado/Page_Mi Cuenta -/label_Direccin de correo electrnico"), "Dirección de correo electrónico *"): Actual text and expected text of test object 'Object Repository/Modificación de datos de la cuenta con cliente registrado/Page_Mi Cuenta -/label_Direccin de correo electrnico' are matched.

2023-07-06 00:45:21 - [MESSAGE][PASSED] - Actual text and expected text of test object 'Object Repository/Modificación de datos de la cuenta con cliente registrado/Page_Mi Cuenta -/label_Direccin de correo electrnico' are matched.

2023-07-06 00:45:21 - [TEST_STEP][PASSED] - verifyElementVisible(findTestObject("Object Repository/Modificación de datos de la cuenta con cliente registrado/Page_Mi Cuenta -/input__account_email")): Object 'Object Repository/Modificación de datos de la cuenta con cliente registrado/Page_Mi Cuenta -/input__account_email' is visible

2023-07-06 00:45:22 - [MESSAGE][PASSED] - Object 'Object Repository/Modificación de datos de la cuenta con cliente registrado/Page_Mi Cuenta -/input__account_email' is visible

2023-07-06 00:45:22 - [TEST_STEP][PASSED] - scrollToElement(findTestObject("Modificación de datos de la cuenta con cliente registrado/Page_Mi Cuenta -/input__account_display_name"), 2): Scroll to object 'Object Repository/Modificación de datos de la cuenta con cliente registrado/Page_Mi Cuenta -/input__account_display_name' successfully

2023-07-06 00:45:22 - [MESSAGE][PASSED] - Scroll to object 'Object Repository/Modificación de datos de la cuenta con cliente registrado/Page_Mi Cuenta -/input__account_display_name' successfully

2023-07-06 00:45:22 - [TEST_STEP][PASSED] - verifyElementText(findTestObject("Object Repository/Modificación de datos de la cuenta con cliente registrado/Page_Mi Cuenta -/legend_Cambio de contrasea"), "Cambio de contraseña"): Actual text and expected text of test object 'Object Repository/Modificación de datos de la cuenta con cliente registrado/Page_Mi Cuenta -/legend_Cambio de contrasea' are matched.

2023-07-06 00:45:23 - [MESSAGE][PASSED] - Actual text and expected text of test object 'Object Repository/Modificación de datos de la cuenta con cliente registrado/Page_Mi Cuenta -/legend_Cambio de contrasea' are matched.

2023-07-06 00:45:23 - [TEST_STEP][PASSED] - verifyElementText(findTestObject("Object Repository/Modificación de datos de la cuenta con cliente registrado/Page_Mi Cuenta -/label_Contrasea actual (djalo en blanco par_24ce4a"), "Contraseña actual (déjalo en blanco para no cambiarla)"): Actual text and expected text of test object 'Object Repository/Modificación de datos de la cuenta con cliente registrado/Page_Mi Cuenta -/label_Contrasea actual (djalo en blanco par_24ce4a' are matched.

2023-07-06 00:45:23 - [MESSAGE][PASSED] - Actual text and expected text of test object 'Object Repository/Modificación de datos de la cuenta con cliente registrado/Page_Mi Cuenta -/label_Contrasea actual (djalo en blanco par_24ce4a' are matched.

2023-07-06 00:45:23 - [TEST_STEP][PASSED] - verifyElementVisible(findTestObject("Object Repository/Modificación de datos de la cuenta con cliente registrado/Page_Mi Cuenta -/input_Contrasea actual (djalo en blanco par_1c1791")): Object 'Object Repository/Modificación de datos de la cuenta con cliente registrado/Page_Mi Cuenta -/input_Contrasea actual (djalo en blanco par_1c1791' is visible

2023-07-06 00:45:23 - [MESSAGE][PASSED] - Object 'Object Repository/Modificación de datos de la cuenta con cliente registrado/Page_Mi Cuenta -/input_Contrasea actual (djalo en blanco par_1c1791' is visible

2023-07-06 00:45:23 - [TEST_STEP][PASSED] - verifyElementText(findTestObject("Object Repository/Modificación de datos de la cuenta con cliente registrado/Page_Mi Cuenta -/label_Nueva contrasea (djalo en blanco para_cd8deb"), "Nueva contraseña (déjalo en blanco para no cambiarla)"): Actual text and expected text of test object 'Object Repository/Modificación de datos de la cuenta con cliente registrado/Page_Mi Cuenta -/label_Nueva contrasea (djalo en blanco para_cd8deb' are matched.

2023-07-06 00:45:24 - [MESSAGE][PASSED] - Actual text and expected text of test object 'Object Repository/Modificación de datos de la cuenta con cliente registrado/Page_Mi Cuenta -/label_Nueva contrasea (djalo en blanco para_cd8deb' are matched.

2023-07-06 00:45:24 - [TEST_STEP][PASSED] - verifyElementVisible(findTestObject("Object Repository/Modificación de datos de la cuenta con cliente registrado/Page_Mi Cuenta -/input_Nueva contrasea (djalo en blanco para_348f97")): Object 'Object Repository/Modificación de datos de la cuenta con cliente registrado/Page_Mi Cuenta -/input_Nueva contrasea (djalo en blanco para_348f97' is visible

2023-07-06 00:45:24 - [MESSAGE][PASSED] - Object 'Object Repository/Modificación de datos de la cuenta con cliente registrado/Page_Mi Cuenta -/input_Nueva contrasea (djalo en blanco para_348f97' is visible

2023-07-06 00:45:24 - [TEST_STEP][PASSED] - verifyElementText(findTestObject("Object Repository/Modificación de datos de la cuenta con cliente registrado/Page_Mi Cuenta -/label_Confirmar nueva contrasea (djalo en b_eb4d30"), "Confirmar nueva contraseña (déjalo en blanco para no cambiarla)"): Actual text and expected text of test object 'Object Repository/Modificación de datos de la cuenta con cliente registrado/Page_Mi Cuenta -/label_Confirmar nueva contrasea (djalo en b_eb4d30' are matched.

2023-07-06 00:45:24 - [MESSAGE][PASSED] - Actual text and expected text of test object 'Object Repository/Modificación de datos de la cuenta con cliente registrado/Page_Mi Cuenta -/label_Confirmar nueva contrasea (djalo en b_eb4d30' are matched.

2023-07-06 00:45:24 - [TEST_STEP][PASSED] - verifyElementVisible(findTestObject("Object Repository/Modificación de datos de la cuenta con cliente registrado/Page_Mi Cuenta -/input_Confirmar nueva contrasea (djalo en b_f543b5")): Object 'Object Repository/Modificación de datos de la cuenta con cliente registrado/Page_Mi Cuenta -/input_Confirmar nueva contrasea (djalo en b_f543b5' is visible

2023-07-06 00:45:25 - [MESSAGE][PASSED] - Object 'Object Repository/Modificación de datos de la cuenta con cliente registrado/Page_Mi Cuenta -/input_Confirmar nueva contrasea (djalo en b_f543b5' is visible

2023-07-06 00:45:25 - [TEST_STEP][PASSED] - verifyElementText(findTestObject("Object Repository/Modificación de datos de la cuenta con cliente registrado/Page_Mi Cuenta -/label_Suscrbete a nuestro boletn"), "Suscríbete a nuestro boletín"): Actual text and expected text of test object 'Object Repository/Modificación de datos de la cuenta con cliente registrado/Page_Mi Cuenta -/label_Suscrbete a nuestro boletn' are matched.

2023-07-06 00:45:25 - [MESSAGE][PASSED] - Actual text and expected text of test object 'Object Repository/Modificación de datos de la cuenta con cliente registrado/Page_Mi Cuenta -/label_Suscrbete a nuestro boletn' are matched.

2023-07-06 00:45:25 - [TEST_STEP][PASSED] - verifyElementText(findTestObject("Object Repository/Modificación de datos de la cuenta con cliente registrado/Page_Mi Cuenta -/label_Darte de baja de nuestro boletn"), "Darte de baja de nuestro boletín"): Actual text and expected text of test object 'Object Repository/Modificación de datos de la cuenta con cliente registrado/Page_Mi Cuenta -/label_Darte de baja de nuestro boletn' are matched.

2023-07-06 00:45:26 - [MESSAGE][PASSED] - Actual text and expected text of test object 'Object Repository/Modificación de datos de la cuenta con cliente registrado/Page_Mi Cuenta -/label_Darte de baja de nuestro boletn' are matched.

2023-07-06 00:45:26 - [TEST_STEP][PASSED] - verifyElementText(findTestObject("Object Repository/Modificación de datos de la cuenta con cliente registrado/Page_Mi Cuenta -/label_Recibir actualizaciones de pedidos"), "Recibir actualizaciones de pedidos"): Actual text and expected text of test object 'Object Repository/Modificación de datos de la cuenta con cliente registrado/Page_Mi Cuenta -/label_Recibir actualizaciones de pedidos' are matched.

2023-07-06 00:45:26 - [MESSAGE][PASSED] - Actual text and expected text of test object 'Object Repository/Modificación de datos de la cuenta con cliente registrado/Page_Mi Cuenta -/label_Recibir actualizaciones de pedidos' are matched.

2023-07-06 00:45:28 - [TEST_STEP][PASSED] - Video: Video recording for test case 'Test Cases/ScriptsComunes/ComprobarComponentesDeMiCuenta' .

2023-07-06 00:45:28 - [MESSAGE][INFO] - Video recording for test case 'Test Cases/ScriptsComunes/ComprobarComponentesDeMiCuenta' .]]></system-out>
         <system-err><![CDATA[]]></system-err>
      </testcase>
      <testcase name="Test Cases/ScriptsComunes/DarseDeBajaBoletin_Y_CambiarNombreVisible" time="11.15" classname="Test Cases/ScriptsComunes/DarseDeBajaBoletin_Y_CambiarNombreVisible" status="PASSED">
         <system-out><![CDATA[2023-07-06 00:45:28 - [TEST_CASE][PASSED] - Test Cases/ScriptsComunes/DarseDeBajaBoletin_Y_CambiarNombreVisible: Test Cases/ScriptsComunes/DarseDeBajaBoletin_Y_CambiarNombreVisible

2023-07-06 00:45:29 - [TEST_STEP][PASSED] - scrollToElement(findTestObject("Modificación de datos de la cuenta con cliente registrado/Page_Mi Cuenta -/BotonGuardarCambios"), 2): Scroll to object 'Object Repository/Modificación de datos de la cuenta con cliente registrado/Page_Mi Cuenta -/BotonGuardarCambios' successfully

2023-07-06 00:45:29 - [MESSAGE][PASSED] - Scroll to object 'Object Repository/Modificación de datos de la cuenta con cliente registrado/Page_Mi Cuenta -/BotonGuardarCambios' successfully

2023-07-06 00:45:29 - [TEST_STEP][PASSED] - clearText(findTestObject("Modificación de datos de la cuenta con cliente registrado/Page_Mi Cuenta -/input__account_display_name")): Text of object 'Object Repository/Modificación de datos de la cuenta con cliente registrado/Page_Mi Cuenta -/input__account_display_name' is cleared

2023-07-06 00:45:30 - [MESSAGE][PASSED] - Text of object 'Object Repository/Modificación de datos de la cuenta con cliente registrado/Page_Mi Cuenta -/input__account_display_name' is cleared

2023-07-06 00:45:30 - [TEST_STEP][PASSED] - setText(findTestObject("Modificación de datos de la cuenta con cliente registrado/Page_Mi Cuenta -/input__account_display_name"), NombreVisible): Text 'Sonia' is set on object 'Object Repository/Modificación de datos de la cuenta con cliente registrado/Page_Mi Cuenta -/input__account_display_name'

2023-07-06 00:45:30 - [MESSAGE][PASSED] - Text 'Sonia' is set on object 'Object Repository/Modificación de datos de la cuenta con cliente registrado/Page_Mi Cuenta -/input__account_display_name'

2023-07-06 00:45:30 - [TEST_STEP][PASSED] - verifyElementVisible(findTestObject("Object Repository/Modificación de datos de la cuenta con cliente registrado/Page_Mi Cuenta -/BotonGuardarCambios")): Object 'Object Repository/Modificación de datos de la cuenta con cliente registrado/Page_Mi Cuenta -/BotonGuardarCambios' is visible

2023-07-06 00:45:31 - [MESSAGE][PASSED] - Object 'Object Repository/Modificación de datos de la cuenta con cliente registrado/Page_Mi Cuenta -/BotonGuardarCambios' is visible

2023-07-06 00:45:31 - [TEST_STEP][PASSED] - verifyElementText(findTestObject("Object Repository/Modificación de datos de la cuenta con cliente registrado/Page_Mi Cuenta -/BotonGuardarCambios"), "Guardar los cambios"): Actual text and expected text of test object 'Object Repository/Modificación de datos de la cuenta con cliente registrado/Page_Mi Cuenta -/BotonGuardarCambios' are matched.

2023-07-06 00:45:31 - [MESSAGE][PASSED] - Actual text and expected text of test object 'Object Repository/Modificación de datos de la cuenta con cliente registrado/Page_Mi Cuenta -/BotonGuardarCambios' are matched.

2023-07-06 00:45:31 - [TEST_STEP][PASSED] - click(findTestObject("Object Repository/Modificación de datos de la cuenta con cliente registrado/Page_Mi Cuenta -/input_Suscrbete a nuestro boletn_mailchimp__5ffe50")): Object: 'Object Repository/Modificación de datos de la cuenta con cliente registrado/Page_Mi Cuenta -/input_Suscrbete a nuestro boletn_mailchimp__5ffe50' is clicked on

2023-07-06 00:45:32 - [MESSAGE][PASSED] - Object: 'Object Repository/Modificación de datos de la cuenta con cliente registrado/Page_Mi Cuenta -/input_Suscrbete a nuestro boletn_mailchimp__5ffe50' is clicked on

2023-07-06 00:45:32 - [TEST_STEP][PASSED] - click(findTestObject("Object Repository/Modificación de datos de la cuenta con cliente registrado/Page_Mi Cuenta -/input_Darte de baja de nuestro boletn_mailc_aff7e8")): Object: 'Object Repository/Modificación de datos de la cuenta con cliente registrado/Page_Mi Cuenta -/input_Darte de baja de nuestro boletn_mailc_aff7e8' is clicked on

2023-07-06 00:45:32 - [MESSAGE][PASSED] - Object: 'Object Repository/Modificación de datos de la cuenta con cliente registrado/Page_Mi Cuenta -/input_Darte de baja de nuestro boletn_mailc_aff7e8' is clicked on

2023-07-06 00:45:32 - [TEST_STEP][PASSED] - click(findTestObject("Object Repository/Modificación de datos de la cuenta con cliente registrado/Page_Mi Cuenta -/BotonGuardarCambios")): Object: 'Object Repository/Modificación de datos de la cuenta con cliente registrado/Page_Mi Cuenta -/BotonGuardarCambios' is clicked on

2023-07-06 00:45:36 - [MESSAGE][PASSED] - Object: 'Object Repository/Modificación de datos de la cuenta con cliente registrado/Page_Mi Cuenta -/BotonGuardarCambios' is clicked on

2023-07-06 00:45:36 - [TEST_STEP][PASSED] - verifyElementText(findTestObject("Object Repository/Modificación de datos de la cuenta con cliente registrado/Page_Mi Cuenta -/div_La informacin de cuenta se ha cambiado _f82b81"), "La información de cuenta se ha cambiado correctamente."): Actual text and expected text of test object 'Object Repository/Modificación de datos de la cuenta con cliente registrado/Page_Mi Cuenta -/div_La informacin de cuenta se ha cambiado _f82b81' are matched.

2023-07-06 00:45:37 - [MESSAGE][PASSED] - Actual text and expected text of test object 'Object Repository/Modificación de datos de la cuenta con cliente registrado/Page_Mi Cuenta -/div_La informacin de cuenta se ha cambiado _f82b81' are matched.

2023-07-06 00:45:37 - [TEST_STEP][PASSED] - verifyElementVisible(findTestObject("Object Repository/Modificación de datos de la cuenta con cliente registrado/Page_Mi Cuenta -/div_La informacin de cuenta se ha cambiado _f82b81")): Object 'Object Repository/Modificación de datos de la cuenta con cliente registrado/Page_Mi Cuenta -/div_La informacin de cuenta se ha cambiado _f82b81' is visible

2023-07-06 00:45:37 - [MESSAGE][PASSED] - Object 'Object Repository/Modificación de datos de la cuenta con cliente registrado/Page_Mi Cuenta -/div_La informacin de cuenta se ha cambiado _f82b81' is visible

2023-07-06 00:45:39 - [TEST_STEP][PASSED] - Video: Video recording for test case 'Test Cases/ScriptsComunes/DarseDeBajaBoletin_Y_CambiarNombreVisible' .

2023-07-06 00:45:39 - [MESSAGE][INFO] - Video recording for test case 'Test Cases/ScriptsComunes/DarseDeBajaBoletin_Y_CambiarNombreVisible' .]]></system-out>
         <system-err><![CDATA[]]></system-err>
      </testcase>
      <testcase name="Test Cases/ScriptsComunes/ComprobarCuponesCliente" time="8.253" classname="Test Cases/ScriptsComunes/ComprobarCuponesCliente" status="PASSED">
         <system-out><![CDATA[2023-07-06 00:45:39 - [TEST_CASE][PASSED] - Test Cases/ScriptsComunes/ComprobarCuponesCliente: Test Cases/ScriptsComunes/ComprobarCuponesCliente

2023-07-06 00:45:40 - [TEST_STEP][PASSED] - click(findTestObject("Object Repository/Modificación de datos de la cuenta con cliente registrado/Page_Mi Cuenta -/a_Mis cupones")): Object: 'Object Repository/Modificación de datos de la cuenta con cliente registrado/Page_Mi Cuenta -/a_Mis cupones' is clicked on

2023-07-06 00:45:42 - [MESSAGE][PASSED] - Object: 'Object Repository/Modificación de datos de la cuenta con cliente registrado/Page_Mi Cuenta -/a_Mis cupones' is clicked on

2023-07-06 00:45:42 - [TEST_STEP][PASSED] - verifyElementText(findTestObject("Object Repository/Modificación de datos de la cuenta con cliente registrado/Page_Mi Cuenta -/h4_Cupones disponibles"), "Cupones disponibles"): Actual text and expected text of test object 'Object Repository/Modificación de datos de la cuenta con cliente registrado/Page_Mi Cuenta -/h4_Cupones disponibles' are matched.

2023-07-06 00:45:44 - [MESSAGE][PASSED] - Actual text and expected text of test object 'Object Repository/Modificación de datos de la cuenta con cliente registrado/Page_Mi Cuenta -/h4_Cupones disponibles' are matched.

2023-07-06 00:45:44 - [TEST_STEP][PASSED] - verifyElementVisible(findTestObject("Object Repository/Modificación de datos de la cuenta con cliente registrado/Page_Mi Cuenta -/div_10            Cart discount            _75c9ee")): Object 'Object Repository/Modificación de datos de la cuenta con cliente registrado/Page_Mi Cuenta -/div_10            Cart discount            _75c9ee' is visible

2023-07-06 00:45:45 - [MESSAGE][PASSED] - Object 'Object Repository/Modificación de datos de la cuenta con cliente registrado/Page_Mi Cuenta -/div_10            Cart discount            _75c9ee' is visible

2023-07-06 00:45:45 - [TEST_STEP][PASSED] - verifyElementText(findTestObject("Object Repository/Modificación de datos de la cuenta con cliente registrado/Page_Mi Cuenta -/h4_Used Coupons"), "Used Coupons"): Actual text and expected text of test object 'Object Repository/Modificación de datos de la cuenta con cliente registrado/Page_Mi Cuenta -/h4_Used Coupons' are matched.

2023-07-06 00:45:45 - [MESSAGE][PASSED] - Actual text and expected text of test object 'Object Repository/Modificación de datos de la cuenta con cliente registrado/Page_Mi Cuenta -/h4_Used Coupons' are matched.

2023-07-06 00:45:45 - [TEST_STEP][PASSED] - verifyElementVisible(findTestObject("Object Repository/Modificación de datos de la cuenta con cliente registrado/Page_Mi Cuenta -/div_10            Cart discount            _076c17")): Object 'Object Repository/Modificación de datos de la cuenta con cliente registrado/Page_Mi Cuenta -/div_10            Cart discount            _076c17' is visible

2023-07-06 00:45:46 - [MESSAGE][PASSED] - Object 'Object Repository/Modificación de datos de la cuenta con cliente registrado/Page_Mi Cuenta -/div_10            Cart discount            _076c17' is visible

2023-07-06 00:45:48 - [TEST_STEP][PASSED] - Video: Video recording for test case 'Test Cases/ScriptsComunes/ComprobarCuponesCliente' .

2023-07-06 00:45:48 - [MESSAGE][INFO] - Video recording for test case 'Test Cases/ScriptsComunes/ComprobarCuponesCliente' .]]></system-out>
         <system-err><![CDATA[]]></system-err>
      </testcase>
      <testcase name="Test Cases/ScriptsComunes/CerrarSesion" time="8.454" classname="Test Cases/ScriptsComunes/CerrarSesion" status="PASSED">
         <system-out><![CDATA[2023-07-06 00:45:48 - [TEST_CASE][PASSED] - Test Cases/ScriptsComunes/CerrarSesion: Test Cases/ScriptsComunes/CerrarSesion

2023-07-06 00:45:48 - [TEST_STEP][PASSED] - click(findTestObject("Compra de un grupo de productos con descuentos con cliente registrado/Page_Inicio -/MiCuenta")): Object: 'Object Repository/Compra de un grupo de productos con descuentos con cliente registrado/Page_Inicio -/MiCuenta' is clicked on

2023-07-06 00:45:50 - [MESSAGE][PASSED] - Object: 'Object Repository/Compra de un grupo de productos con descuentos con cliente registrado/Page_Inicio -/MiCuenta' is clicked on

2023-07-06 00:45:50 - [TEST_STEP][PASSED] - click(findTestObject("Compra de un grupo de productos con descuentos con cliente registrado/MiCuenta/Salir")): Object: 'Object Repository/Compra de un grupo de productos con descuentos con cliente registrado/MiCuenta/Salir' is clicked on

2023-07-06 00:45:53 - [MESSAGE][PASSED] - Object: 'Object Repository/Compra de un grupo de productos con descuentos con cliente registrado/MiCuenta/Salir' is clicked on

2023-07-06 00:45:53 - [TEST_STEP][PASSED] - closeBrowser(): Browser is closed

2023-07-06 00:45:54 - [MESSAGE][PASSED] - Browser is closed

2023-07-06 00:45:56 - [TEST_STEP][PASSED] - Video: Video recording for test case 'Test Cases/ScriptsComunes/CerrarSesion' .

2023-07-06 00:45:56 - [MESSAGE][INFO] - Video recording for test case 'Test Cases/ScriptsComunes/CerrarSesion' .]]></system-out>
         <system-err><![CDATA[]]></system-err>
      </testcase>
      <system-out><![CDATA[2023-07-06 00:44:30 - [TEST_SUITE][PASSED] - Modificación de datos de la cuenta con cliente registrado: Test Cases/ScriptsComunes/CerrarSesion]]></system-out>
      <system-err><![CDATA[]]></system-err>
   </testsuite>
</testsuites>
